<?xml version="1.0" encoding="UTF-8"?>
<!-- Generated by org.testng.reporters.JUnitXMLReporter -->
<testsuite ignored="0" hostname="DEMON-PC" failures="0" tests="3" name="Test" time="49.057" errors="0" timestamp="2024-09-07T20:44:48 IST">
  <testcase classname="testCases.TC001_LoginTest" name="verify_login" time="3.412"/>
  <testcase classname="testCases.TC002_MakeAppointmentTest" name="makeAppointment" time="4.19"/>
  <testcase classname="testCases.TC003_LogoutTest" name="VerifyLogout" time="9.271"/>
</testsuite> <!-- Test -->
