<?xml version="1.0" encoding="UTF-8"?>
<testng-results ignored="0" total="1" passed="1" failed="0" skipped="0">
  <reporter-output>
  </reporter-output>
  <suite started-at="2024-08-26T19:36:07 IST" name="Default suite" finished-at="2024-08-26T19:36:19 IST" duration-ms="12261">
    <groups>
    </groups>
    <test started-at="2024-08-26T19:36:07 IST" name="Default test" finished-at="2024-08-26T19:36:19 IST" duration-ms="12261">
      <class name="testCases.TC001_LoginTest">
        <test-method is-config="true" signature="setUp()[pri:0, instance:testCases.TC001_LoginTest@4a003cbe]" started-at="2024-08-26T19:36:07 IST" name="setUp" finished-at="2024-08-26T19:36:16 IST" duration-ms="8415" status="PASS">
          <reporter-output>
          </reporter-output>
        </test-method> <!-- setUp -->
        <test-method signature="verify_login()[pri:0, instance:testCases.TC001_LoginTest@4a003cbe]" started-at="2024-08-26T19:36:16 IST" name="verify_login" finished-at="2024-08-26T19:36:19 IST" duration-ms="3709" status="PASS">
          <reporter-output>
          </reporter-output>
        </test-method> <!-- verify_login -->
        <test-method is-config="true" signature="tearDown()[pri:0, instance:testCases.TC001_LoginTest@4a003cbe]" started-at="2024-08-26T19:36:19 IST" name="tearDown" finished-at="2024-08-26T19:36:19 IST" duration-ms="1" status="PASS">
          <reporter-output>
          </reporter-output>
        </test-method> <!-- tearDown -->
      </class> <!-- testCases.TC001_LoginTest -->
    </test> <!-- Default test -->
  </suite> <!-- Default suite -->
</testng-results>
