<?xml version="1.0" encoding="UTF-8"?>
<testng-results ignored="0" total="1" passed="1" failed="0" skipped="0">
  <reporter-output>
  </reporter-output>
  <suite started-at="2024-09-12T11:04:58 IST" name="Default suite" finished-at="2024-09-12T11:05:06 IST" duration-ms="7955">
    <groups>
    </groups>
    <test started-at="2024-09-12T11:04:58 IST" name="Default test" finished-at="2024-09-12T11:05:06 IST" duration-ms="7955">
      <class name="testCases.TC002_MakeAppointmentTest">
        <test-method is-config="true" signature="setUp()[pri:0, instance:testCases.TC002_MakeAppointmentTest@359df09a]" started-at="2024-09-12T11:04:58 IST" name="setUp" finished-at="2024-09-12T11:05:03 IST" duration-ms="5111" status="PASS">
          <reporter-output>
          </reporter-output>
        </test-method> <!-- setUp -->
        <test-method signature="makeAppointment()[pri:0, instance:testCases.TC002_MakeAppointmentTest@359df09a]" started-at="2024-09-12T11:05:03 IST" name="makeAppointment" finished-at="2024-09-12T11:05:06 IST" duration-ms="2640" status="PASS">
          <reporter-output>
          </reporter-output>
        </test-method> <!-- makeAppointment -->
        <test-method is-config="true" signature="tearDown()[pri:0, instance:testCases.TC002_MakeAppointmentTest@359df09a]" started-at="2024-09-12T11:05:06 IST" name="tearDown" finished-at="2024-09-12T11:05:06 IST" duration-ms="151" status="PASS">
          <reporter-output>
          </reporter-output>
        </test-method> <!-- tearDown -->
      </class> <!-- testCases.TC002_MakeAppointmentTest -->
    </test> <!-- Default test -->
  </suite> <!-- Default suite -->
</testng-results>
